android/app/build/intermediates/manifest_merge_blame_file/release/processReleaseMainManifest/manifest-merger-blame-release-report.txt
1<?xml version="1.0" encoding="utf-8"?>
2<manifest xmlns:android="http://schemas.android.com/apk/res/android"
3    package="com.daystory.app"
4    android:versionCode="20"
5    android:versionName="1.3.5" >
6
7    <uses-sdk
8        android:minSdkVersion="24"
9        android:targetSdkVersion="36" />
10
11    <!-- Permissions -->
12
13    <uses-permission android:name="android.permission.INTERNET" />
13-->src/main/AndroidManifest.xml:34:5-67
13-->src/main/AndroidManifest.xml:34:22-64
14
15    <queries>
15-->[:capacitor-camera] AndroidManifest.xml:7:5-17:15
16        <intent>
16-->[:capacitor-camera] AndroidManifest.xml:8:9-10:18
17            <action android:name="android.media.action.IMAGE_CAPTURE" />
17-->[:capacitor-camera] AndroidManifest.xml:9:13-73
17-->[:capacitor-camera] AndroidManifest.xml:9:21-70
18        </intent>
19        <intent>
19-->[:capacitor-camera] AndroidManifest.xml:11:9-13:18
20            <action android:name="android.intent.action.GET_CONTENT" />
20-->[:capacitor-camera] AndroidManifest.xml:12:13-72
20-->[:capacitor-camera] AndroidManifest.xml:12:21-69
21        </intent>
22        <intent>
22-->[:capacitor-camera] AndroidManifest.xml:14:9-16:18
23            <action android:name="android.intent.action.PICK" />
23-->[:capacitor-camera] AndroidManifest.xml:15:13-65
23-->[:capacitor-camera] AndroidManifest.xml:15:21-62
24        </intent>
25    </queries>
26
27    <uses-permission android:name="android.permission.RECEIVE_BOOT_COMPLETED" />
27-->[:capacitor-local-notifications] AndroidManifest.xml:7:5-81
27-->[:capacitor-local-notifications] AndroidManifest.xml:7:22-78
28    <uses-permission android:name="android.permission.WAKE_LOCK" />
28-->[:capacitor-local-notifications] AndroidManifest.xml:8:5-68
28-->[:capacitor-local-notifications] AndroidManifest.xml:8:22-65
29    <uses-permission android:name="android.permission.POST_NOTIFICATIONS" />
29-->[:capacitor-local-notifications] AndroidManifest.xml:9:5-77
29-->[:capacitor-local-notifications] AndroidManifest.xml:9:22-74
30    <uses-permission android:name="android.permission.ACCESS_NETWORK_STATE" />
30-->[com.google.firebase:firebase-auth:24.0.1] AndroidManifest.xml:26:5-79
30-->[com.google.firebase:firebase-auth:24.0.1] AndroidManifest.xml:26:22-76
31    <uses-permission android:name="com.google.android.providers.gsf.permission.READ_GSERVICES" />
31-->[com.google.android.recaptcha:recaptcha:18.6.1] AndroidManifest.xml:9:5-98
31-->[com.google.android.recaptcha:recaptcha:18.6.1] AndroidManifest.xml:9:22-95
32
33    <permission
33-->[androidx.core:core:1.17.0] AndroidManifest.xml:22:5-24:47
34        android:name="com.daystory.app.DYNAMIC_RECEIVER_NOT_EXPORTED_PERMISSION"
34-->[androidx.core:core:1.17.0] AndroidManifest.xml:23:9-81
35        android:protectionLevel="signature" />
35-->[androidx.core:core:1.17.0] AndroidManifest.xml:24:9-44
36
37    <uses-permission android:name="com.daystory.app.DYNAMIC_RECEIVER_NOT_EXPORTED_PERMISSION" />
37-->[androidx.core:core:1.17.0] AndroidManifest.xml:26:5-97
37-->[androidx.core:core:1.17.0] AndroidManifest.xml:26:22-94
38
39    <application
39-->src/main/AndroidManifest.xml:3:5-30:19
40        android:allowBackup="true"
40-->src/main/AndroidManifest.xml:4:9-35
41        android:appComponentFactory="androidx.core.app.CoreComponentFactory"
41-->[androidx.core:core:1.17.0] AndroidManifest.xml:28:18-86
42        android:extractNativeLibs="false"
43        android:icon="@mipmap/ic_launcher"
43-->src/main/AndroidManifest.xml:5:9-43
44        android:label="@string/app_name"
44-->src/main/AndroidManifest.xml:6:9-41
45        android:requestLegacyExternalStorage="true"
45-->[io.ionic.libs:ioncamera-android:1.0.1] AndroidManifest.xml:8:18-61
46        android:roundIcon="@mipmap/ic_launcher_round"
46-->src/main/AndroidManifest.xml:7:9-54
47        android:supportsRtl="true"
47-->src/main/AndroidManifest.xml:8:9-35
48        android:theme="@style/AppTheme" >
48-->src/main/AndroidManifest.xml:9:9-40
49        <activity
49-->src/main/AndroidManifest.xml:10:9-21:20
50            android:name="com.daystory.app.MainActivity"
50-->src/main/AndroidManifest.xml:12:13-41
51            android:configChanges="orientation|keyboardHidden|keyboard|screenSize|locale|smallestScreenSize|screenLayout|uiMode|navigation|density"
51-->src/main/AndroidManifest.xml:11:13-148
52            android:exported="true"
52-->src/main/AndroidManifest.xml:16:13-36
53            android:label="@string/title_activity_main"
53-->src/main/AndroidManifest.xml:13:13-56
54            android:launchMode="singleTask"
54-->src/main/AndroidManifest.xml:15:13-44
55            android:theme="@style/AppTheme.NoActionBarLaunch" >
55-->src/main/AndroidManifest.xml:14:13-62
56            <intent-filter>
56-->src/main/AndroidManifest.xml:17:13-20:29
57                <action android:name="android.intent.action.MAIN" />
57-->src/main/AndroidManifest.xml:18:17-69
57-->src/main/AndroidManifest.xml:18:25-66
58
59                <category android:name="android.intent.category.LAUNCHER" />
59-->src/main/AndroidManifest.xml:19:17-77
59-->src/main/AndroidManifest.xml:19:27-74
60            </intent-filter>
61        </activity>
62
63        <provider
64            android:name="androidx.core.content.FileProvider"
64-->src/main/AndroidManifest.xml:24:13-62
65            android:authorities="com.daystory.app.fileprovider"
65-->src/main/AndroidManifest.xml:25:13-64
66            android:exported="false"
66-->src/main/AndroidManifest.xml:26:13-37
67            android:grantUriPermissions="true" >
67-->src/main/AndroidManifest.xml:27:13-47
68            <meta-data
68-->src/main/AndroidManifest.xml:28:13-112
69                android:name="android.support.FILE_PROVIDER_PATHS"
69-->src/main/AndroidManifest.xml:28:24-74
70                android:resource="@xml/file_paths" />
70-->src/main/AndroidManifest.xml:28:75-109
71        </provider>
72
73        <receiver android:name="com.capacitorjs.plugins.localnotifications.TimedNotificationPublisher" />
73-->[:capacitor-local-notifications] AndroidManifest.xml:12:9-106
73-->[:capacitor-local-notifications] AndroidManifest.xml:12:19-103
74        <receiver android:name="com.capacitorjs.plugins.localnotifications.NotificationDismissReceiver" />
74-->[:capacitor-local-notifications] AndroidManifest.xml:13:9-107
74-->[:capacitor-local-notifications] AndroidManifest.xml:13:19-104
75        <receiver
75-->[:capacitor-local-notifications] AndroidManifest.xml:14:9-23:20
76            android:name="com.capacitorjs.plugins.localnotifications.LocalNotificationRestoreReceiver"
76-->[:capacitor-local-notifications] AndroidManifest.xml:15:13-103
77            android:directBootAware="true"
77-->[:capacitor-local-notifications] AndroidManifest.xml:16:13-43
78            android:exported="false" >
78-->[:capacitor-local-notifications] AndroidManifest.xml:17:13-37
79            <intent-filter>
79-->[:capacitor-local-notifications] AndroidManifest.xml:18:13-22:29
80                <action android:name="android.intent.action.LOCKED_BOOT_COMPLETED" />
80-->[:capacitor-local-notifications] AndroidManifest.xml:19:17-86
80-->[:capacitor-local-notifications] AndroidManifest.xml:19:25-83
81                <action android:name="android.intent.action.BOOT_COMPLETED" />
81-->[:capacitor-local-notifications] AndroidManifest.xml:20:17-79
81-->[:capacitor-local-notifications] AndroidManifest.xml:20:25-76
82                <action android:name="android.intent.action.QUICKBOOT_POWERON" />
82-->[:capacitor-local-notifications] AndroidManifest.xml:21:17-82
82-->[:capacitor-local-notifications] AndroidManifest.xml:21:25-79
83            </intent-filter>
84        </receiver>
85
86        <activity
86-->[io.ionic.libs:ioncamera-android:1.0.1] AndroidManifest.xml:9:9-11:86
87            android:name="io.ionic.libs.ioncameralib.view.IONCAMRLoadingActivity"
87-->[io.ionic.libs:ioncamera-android:1.0.1] AndroidManifest.xml:10:13-82
88            android:theme="@android:style/Theme.Translucent.NoTitleBar.Fullscreen" />
88-->[io.ionic.libs:ioncamera-android:1.0.1] AndroidManifest.xml:11:13-83
89        <activity
89-->[io.ionic.libs:ioncamera-android:1.0.1] AndroidManifest.xml:12:9-16:36
90            android:name="io.ionic.libs.ioncameralib.view.IONCAMRImageEditorActivity"
90-->[io.ionic.libs:ioncamera-android:1.0.1] AndroidManifest.xml:13:13-86
91            android:enableOnBackInvokedCallback="true"
91-->[io.ionic.libs:ioncamera-android:1.0.1] AndroidManifest.xml:14:13-55
92            android:theme="@android:style/Theme.Black.NoTitleBar" />
92-->[io.ionic.libs:ioncamera-android:1.0.1] AndroidManifest.xml:15:13-66
93        <activity
93-->[io.ionic.libs:ioncamera-android:1.0.1] AndroidManifest.xml:17:9-20:86
94            android:name="io.ionic.libs.ioncameralib.view.IONCAMROpenPhotoPickerActivity"
94-->[io.ionic.libs:ioncamera-android:1.0.1] AndroidManifest.xml:18:13-90
95            android:exported="false"
95-->[io.ionic.libs:ioncamera-android:1.0.1] AndroidManifest.xml:19:13-37
96            android:theme="@android:style/Theme.Translucent.NoTitleBar.Fullscreen" /> <!-- Trigger Google Play services to install the backported photo picker module. -->
96-->[io.ionic.libs:ioncamera-android:1.0.1] AndroidManifest.xml:20:13-83
97        <service
97-->[io.ionic.libs:ioncamera-android:1.0.1] AndroidManifest.xml:22:9-34:19
98            android:name="com.google.android.gms.metadata.ModuleDependencies"
98-->[io.ionic.libs:ioncamera-android:1.0.1] AndroidManifest.xml:23:13-78
99            android:enabled="false"
99-->[io.ionic.libs:ioncamera-android:1.0.1] AndroidManifest.xml:24:13-36
100            android:exported="false" >
100-->[io.ionic.libs:ioncamera-android:1.0.1] AndroidManifest.xml:25:13-37
101            <intent-filter>
101-->[io.ionic.libs:ioncamera-android:1.0.1] AndroidManifest.xml:27:13-29:29
102                <action android:name="com.google.android.gms.metadata.MODULE_DEPENDENCIES" />
102-->[io.ionic.libs:ioncamera-android:1.0.1] AndroidManifest.xml:28:17-94
102-->[io.ionic.libs:ioncamera-android:1.0.1] AndroidManifest.xml:28:25-91
103            </intent-filter>
104
105            <meta-data
105-->[io.ionic.libs:ioncamera-android:1.0.1] AndroidManifest.xml:31:13-33:36
106                android:name="photopicker_activity:0:required"
106-->[io.ionic.libs:ioncamera-android:1.0.1] AndroidManifest.xml:32:17-63
107                android:value="" />
107-->[io.ionic.libs:ioncamera-android:1.0.1] AndroidManifest.xml:33:17-33
108        </service>
109
110        <provider
110-->[io.ionic.libs:ioncamera-android:1.0.1] AndroidManifest.xml:36:9-44:20
111            android:name="io.ionic.libs.ioncameralib.IONCAMRFileProvider"
111-->[io.ionic.libs:ioncamera-android:1.0.1] AndroidManifest.xml:37:13-74
112            android:authorities="com.daystory.app.camera.provider"
112-->[io.ionic.libs:ioncamera-android:1.0.1] AndroidManifest.xml:38:13-67
113            android:exported="false"
113-->[io.ionic.libs:ioncamera-android:1.0.1] AndroidManifest.xml:39:13-37
114            android:grantUriPermissions="true" >
114-->[io.ionic.libs:ioncamera-android:1.0.1] AndroidManifest.xml:40:13-47
115            <meta-data
115-->src/main/AndroidManifest.xml:28:13-112
116                android:name="android.support.FILE_PROVIDER_PATHS"
116-->src/main/AndroidManifest.xml:28:24-74
117                android:resource="@xml/ioncamera_paths" />
117-->src/main/AndroidManifest.xml:28:75-109
118        </provider>
119
120        <activity
120-->[com.google.firebase:firebase-auth:24.0.1] AndroidManifest.xml:29:9-46:20
121            android:name="com.google.firebase.auth.internal.GenericIdpActivity"
121-->[com.google.firebase:firebase-auth:24.0.1] AndroidManifest.xml:30:13-80
122            android:excludeFromRecents="true"
122-->[com.google.firebase:firebase-auth:24.0.1] AndroidManifest.xml:31:13-46
123            android:exported="true"
123-->[com.google.firebase:firebase-auth:24.0.1] AndroidManifest.xml:32:13-36
124            android:launchMode="singleTask"
124-->[com.google.firebase:firebase-auth:24.0.1] AndroidManifest.xml:33:13-44
125            android:theme="@android:style/Theme.Translucent.NoTitleBar" >
125-->[com.google.firebase:firebase-auth:24.0.1] AndroidManifest.xml:34:13-72
126            <intent-filter>
126-->[com.google.firebase:firebase-auth:24.0.1] AndroidManifest.xml:35:13-45:29
127                <action android:name="android.intent.action.VIEW" />
127-->[com.google.firebase:firebase-auth:24.0.1] AndroidManifest.xml:36:17-69
127-->[com.google.firebase:firebase-auth:24.0.1] AndroidManifest.xml:36:25-66
128
129                <category android:name="android.intent.category.DEFAULT" />
129-->[com.google.firebase:firebase-auth:24.0.1] AndroidManifest.xml:38:17-76
129-->[com.google.firebase:firebase-auth:24.0.1] AndroidManifest.xml:38:27-73
130                <category android:name="android.intent.category.BROWSABLE" />
130-->[com.google.firebase:firebase-auth:24.0.1] AndroidManifest.xml:39:17-78
130-->[com.google.firebase:firebase-auth:24.0.1] AndroidManifest.xml:39:27-75
131
132                <data
132-->[com.google.firebase:firebase-auth:24.0.1] AndroidManifest.xml:41:17-44:51
133                    android:host="firebase.auth"
133-->[com.google.firebase:firebase-auth:24.0.1] AndroidManifest.xml:42:21-49
134                    android:path="/"
134-->[com.google.firebase:firebase-auth:24.0.1] AndroidManifest.xml:43:21-37
135                    android:scheme="genericidp" />
135-->[com.google.firebase:firebase-auth:24.0.1] AndroidManifest.xml:44:21-48
136            </intent-filter>
137        </activity>
138        <activity
138-->[com.google.firebase:firebase-auth:24.0.1] AndroidManifest.xml:47:9-64:20
139            android:name="com.google.firebase.auth.internal.RecaptchaActivity"
139-->[com.google.firebase:firebase-auth:24.0.1] AndroidManifest.xml:48:13-79
140            android:excludeFromRecents="true"
140-->[com.google.firebase:firebase-auth:24.0.1] AndroidManifest.xml:49:13-46
141            android:exported="true"
141-->[com.google.firebase:firebase-auth:24.0.1] AndroidManifest.xml:50:13-36
142            android:launchMode="singleTask"
142-->[com.google.firebase:firebase-auth:24.0.1] AndroidManifest.xml:51:13-44
143            android:theme="@android:style/Theme.Translucent.NoTitleBar" >
143-->[com.google.firebase:firebase-auth:24.0.1] AndroidManifest.xml:52:13-72
144            <intent-filter>
144-->[com.google.firebase:firebase-auth:24.0.1] AndroidManifest.xml:53:13-63:29
145                <action android:name="android.intent.action.VIEW" />
145-->[com.google.firebase:firebase-auth:24.0.1] AndroidManifest.xml:36:17-69
145-->[com.google.firebase:firebase-auth:24.0.1] AndroidManifest.xml:36:25-66
146
147                <category android:name="android.intent.category.DEFAULT" />
147-->[com.google.firebase:firebase-auth:24.0.1] AndroidManifest.xml:38:17-76
147-->[com.google.firebase:firebase-auth:24.0.1] AndroidManifest.xml:38:27-73
148                <category android:name="android.intent.category.BROWSABLE" />
148-->[com.google.firebase:firebase-auth:24.0.1] AndroidManifest.xml:39:17-78
148-->[com.google.firebase:firebase-auth:24.0.1] AndroidManifest.xml:39:27-75
149
150                <data
150-->[com.google.firebase:firebase-auth:24.0.1] AndroidManifest.xml:41:17-44:51
151                    android:host="firebase.auth"
151-->[com.google.firebase:firebase-auth:24.0.1] AndroidManifest.xml:42:21-49
152                    android:path="/"
152-->[com.google.firebase:firebase-auth:24.0.1] AndroidManifest.xml:43:21-37
153                    android:scheme="recaptcha" />
153-->[com.google.firebase:firebase-auth:24.0.1] AndroidManifest.xml:44:21-48
154            </intent-filter>
155        </activity>
156
157        <service
157-->[com.google.firebase:firebase-auth:24.0.1] AndroidManifest.xml:66:9-72:19
158            android:name="com.google.firebase.components.ComponentDiscoveryService"
158-->[com.google.firebase:firebase-auth:24.0.1] AndroidManifest.xml:67:13-84
159            android:directBootAware="true"
159-->[com.google.firebase:firebase-common:21.0.0] AndroidManifest.xml:32:13-43
160            android:exported="false" >
160-->[com.google.firebase:firebase-auth:24.0.1] AndroidManifest.xml:68:13-37
161            <meta-data
161-->[com.google.firebase:firebase-auth:24.0.1] AndroidManifest.xml:69:13-71:85
162                android:name="com.google.firebase.components:com.google.firebase.auth.FirebaseAuthRegistrar"
162-->[com.google.firebase:firebase-auth:24.0.1] AndroidManifest.xml:70:17-109
163                android:value="com.google.firebase.components.ComponentRegistrar" />
163-->[com.google.firebase:firebase-auth:24.0.1] AndroidManifest.xml:71:17-82
164            <meta-data
164-->[com.google.firebase:firebase-common:21.0.0] AndroidManifest.xml:35:13-37:85
165                android:name="com.google.firebase.components:com.google.firebase.FirebaseCommonKtxRegistrar"
165-->[com.google.firebase:firebase-common:21.0.0] AndroidManifest.xml:36:17-109
166                android:value="com.google.firebase.components.ComponentRegistrar" />
166-->[com.google.firebase:firebase-common:21.0.0] AndroidManifest.xml:37:17-82
167        </service>
168        <service
168-->[androidx.credentials:credentials-play-services-auth:1.2.0-rc01] AndroidManifest.xml:24:9-32:19
169            android:name="androidx.credentials.playservices.CredentialProviderMetadataHolder"
169-->[androidx.credentials:credentials-play-services-auth:1.2.0-rc01] AndroidManifest.xml:25:13-94
170            android:enabled="true"
170-->[androidx.credentials:credentials-play-services-auth:1.2.0-rc01] AndroidManifest.xml:26:13-35
171            android:exported="false" >
171-->[androidx.credentials:credentials-play-services-auth:1.2.0-rc01] AndroidManifest.xml:27:13-37
172            <meta-data
172-->[androidx.credentials:credentials-play-services-auth:1.2.0-rc01] AndroidManifest.xml:29:13-31:104
173                android:name="androidx.credentials.CREDENTIAL_PROVIDER_KEY"
173-->[androidx.credentials:credentials-play-services-auth:1.2.0-rc01] AndroidManifest.xml:30:17-76
174                android:value="androidx.credentials.playservices.CredentialProviderPlayServicesImpl" />
174-->[androidx.credentials:credentials-play-services-auth:1.2.0-rc01] AndroidManifest.xml:31:17-101
175        </service>
176
177        <activity
177-->[androidx.credentials:credentials-play-services-auth:1.2.0-rc01] AndroidManifest.xml:34:9-41:20
178            android:name="androidx.credentials.playservices.HiddenActivity"
178-->[androidx.credentials:credentials-play-services-auth:1.2.0-rc01] AndroidManifest.xml:35:13-76
179            android:configChanges="orientation|screenSize|screenLayout|keyboardHidden"
179-->[androidx.credentials:credentials-play-services-auth:1.2.0-rc01] AndroidManifest.xml:36:13-87
180            android:enabled="true"
180-->[androidx.credentials:credentials-play-services-auth:1.2.0-rc01] AndroidManifest.xml:37:13-35
181            android:exported="false"
181-->[androidx.credentials:credentials-play-services-auth:1.2.0-rc01] AndroidManifest.xml:38:13-37
182            android:fitsSystemWindows="true"
182-->[androidx.credentials:credentials-play-services-auth:1.2.0-rc01] AndroidManifest.xml:39:13-45
183            android:theme="@style/Theme.Hidden" >
183-->[androidx.credentials:credentials-play-services-auth:1.2.0-rc01] AndroidManifest.xml:40:13-48
184        </activity>
185        <activity
185-->[com.google.android.gms:play-services-auth:20.7.0] AndroidManifest.xml:23:9-27:75
186            android:name="com.google.android.gms.auth.api.signin.internal.SignInHubActivity"
186-->[com.google.android.gms:play-services-auth:20.7.0] AndroidManifest.xml:24:13-93
187            android:excludeFromRecents="true"
187-->[com.google.android.gms:play-services-auth:20.7.0] AndroidManifest.xml:25:13-46
188            android:exported="false"
188-->[com.google.android.gms:play-services-auth:20.7.0] AndroidManifest.xml:26:13-37
189            android:theme="@android:style/Theme.Translucent.NoTitleBar" />
189-->[com.google.android.gms:play-services-auth:20.7.0] AndroidManifest.xml:27:13-72
190        <!--
191            Service handling Google Sign-In user revocation. For apps that do not integrate with
192            Google Sign-In, this service will never be started.
193        -->
194        <service
194-->[com.google.android.gms:play-services-auth:20.7.0] AndroidManifest.xml:33:9-37:51
195            android:name="com.google.android.gms.auth.api.signin.RevocationBoundService"
195-->[com.google.android.gms:play-services-auth:20.7.0] AndroidManifest.xml:34:13-89
196            android:exported="true"
196-->[com.google.android.gms:play-services-auth:20.7.0] AndroidManifest.xml:35:13-36
197            android:permission="com.google.android.gms.auth.api.signin.permission.REVOCATION_NOTIFICATION"
197-->[com.google.android.gms:play-services-auth:20.7.0] AndroidManifest.xml:36:13-107
198            android:visibleToInstantApps="true" />
198-->[com.google.android.gms:play-services-auth:20.7.0] AndroidManifest.xml:37:13-48
199
200        <provider
200-->[com.google.firebase:firebase-common:21.0.0] AndroidManifest.xml:23:9-28:39
201            android:name="com.google.firebase.provider.FirebaseInitProvider"
201-->[com.google.firebase:firebase-common:21.0.0] AndroidManifest.xml:24:13-77
202            android:authorities="com.daystory.app.firebaseinitprovider"
202-->[com.google.firebase:firebase-common:21.0.0] AndroidManifest.xml:25:13-72
203            android:directBootAware="true"
203-->[com.google.firebase:firebase-common:21.0.0] AndroidManifest.xml:26:13-43
204            android:exported="false"
204-->[com.google.firebase:firebase-common:21.0.0] AndroidManifest.xml:27:13-37
205            android:initOrder="100" />
205-->[com.google.firebase:firebase-common:21.0.0] AndroidManifest.xml:28:13-36
206
207        <activity
207-->[com.google.android.gms:play-services-base:18.0.1] AndroidManifest.xml:20:9-22:45
208            android:name="com.google.android.gms.common.api.GoogleApiActivity"
208-->[com.google.android.gms:play-services-base:18.0.1] AndroidManifest.xml:20:19-85
209            android:exported="false"
209-->[com.google.android.gms:play-services-base:18.0.1] AndroidManifest.xml:22:19-43
210            android:theme="@android:style/Theme.Translucent.NoTitleBar" />
210-->[com.google.android.gms:play-services-base:18.0.1] AndroidManifest.xml:21:19-78
211
212        <provider
212-->[androidx.emoji2:emoji2:1.3.0] AndroidManifest.xml:24:9-32:20
213            android:name="androidx.startup.InitializationProvider"
213-->[androidx.emoji2:emoji2:1.3.0] AndroidManifest.xml:25:13-67
214            android:authorities="com.daystory.app.androidx-startup"
214-->[androidx.emoji2:emoji2:1.3.0] AndroidManifest.xml:26:13-68
215            android:exported="false" >
215-->[androidx.emoji2:emoji2:1.3.0] AndroidManifest.xml:27:13-37
216            <meta-data
216-->[androidx.emoji2:emoji2:1.3.0] AndroidManifest.xml:29:13-31:52
217                android:name="androidx.emoji2.text.EmojiCompatInitializer"
217-->[androidx.emoji2:emoji2:1.3.0] AndroidManifest.xml:30:17-75
218                android:value="androidx.startup" />
218-->[androidx.emoji2:emoji2:1.3.0] AndroidManifest.xml:31:17-49
219            <meta-data
219-->[androidx.lifecycle:lifecycle-process:2.6.2] AndroidManifest.xml:29:13-31:52
220                android:name="androidx.lifecycle.ProcessLifecycleInitializer"
220-->[androidx.lifecycle:lifecycle-process:2.6.2] AndroidManifest.xml:30:17-78
221                android:value="androidx.startup" />
221-->[androidx.lifecycle:lifecycle-process:2.6.2] AndroidManifest.xml:31:17-49
222            <meta-data
222-->[androidx.profileinstaller:profileinstaller:1.4.0] AndroidManifest.xml:29:13-31:52
223                android:name="androidx.profileinstaller.ProfileInstallerInitializer"
223-->[androidx.profileinstaller:profileinstaller:1.4.0] AndroidManifest.xml:30:17-85
224                android:value="androidx.startup" />
224-->[androidx.profileinstaller:profileinstaller:1.4.0] AndroidManifest.xml:31:17-49
225        </provider>
226        <!--
227        Service for holding metadata. Cannot be instantiated.
228        Metadata will be merged from other manifests.
229        -->
230        <service
230-->[androidx.camera:camera-core:1.4.2] AndroidManifest.xml:29:9-33:78
231            android:name="androidx.camera.core.impl.MetadataHolderService"
231-->[androidx.camera:camera-core:1.4.2] AndroidManifest.xml:30:13-75
232            android:enabled="false"
232-->[androidx.camera:camera-core:1.4.2] AndroidManifest.xml:31:13-36
233            android:exported="false" />
233-->[androidx.camera:camera-core:1.4.2] AndroidManifest.xml:32:13-37
234
235        <meta-data
235-->[com.google.android.gms:play-services-basement:18.4.0] AndroidManifest.xml:6:9-122
236            android:name="com.google.android.gms.version"
236-->[com.google.android.gms:play-services-basement:18.4.0] AndroidManifest.xml:6:20-65
237            android:value="@integer/google_play_services_version" />
237-->[com.google.android.gms:play-services-basement:18.4.0] AndroidManifest.xml:6:66-119
238
239        <receiver
239-->[androidx.profileinstaller:profileinstaller:1.4.0] AndroidManifest.xml:34:9-52:20
240            android:name="androidx.profileinstaller.ProfileInstallReceiver"
240-->[androidx.profileinstaller:profileinstaller:1.4.0] AndroidManifest.xml:35:13-76
241            android:directBootAware="false"
241-->[androidx.profileinstaller:profileinstaller:1.4.0] AndroidManifest.xml:36:13-44
242            android:enabled="true"
242-->[androidx.profileinstaller:profileinstaller:1.4.0] AndroidManifest.xml:37:13-35
243            android:exported="true"
243-->[androidx.profileinstaller:profileinstaller:1.4.0] AndroidManifest.xml:38:13-36
244            android:permission="android.permission.DUMP" >
244-->[androidx.profileinstaller:profileinstaller:1.4.0] AndroidManifest.xml:39:13-57
245            <intent-filter>
245-->[androidx.profileinstaller:profileinstaller:1.4.0] AndroidManifest.xml:40:13-42:29
246                <action android:name="androidx.profileinstaller.action.INSTALL_PROFILE" />
246-->[androidx.profileinstaller:profileinstaller:1.4.0] AndroidManifest.xml:41:17-91
246-->[androidx.profileinstaller:profileinstaller:1.4.0] AndroidManifest.xml:41:25-88
247            </intent-filter>
248            <intent-filter>
248-->[androidx.profileinstaller:profileinstaller:1.4.0] AndroidManifest.xml:43:13-45:29
249                <action android:name="androidx.profileinstaller.action.SKIP_FILE" />
249-->[androidx.profileinstaller:profileinstaller:1.4.0] AndroidManifest.xml:44:17-85
249-->[androidx.profileinstaller:profileinstaller:1.4.0] AndroidManifest.xml:44:25-82
250            </intent-filter>
251            <intent-filter>
251-->[androidx.profileinstaller:profileinstaller:1.4.0] AndroidManifest.xml:46:13-48:29
252                <action android:name="androidx.profileinstaller.action.SAVE_PROFILE" />
252-->[androidx.profileinstaller:profileinstaller:1.4.0] AndroidManifest.xml:47:17-88
252-->[androidx.profileinstaller:profileinstaller:1.4.0] AndroidManifest.xml:47:25-85
253            </intent-filter>
254            <intent-filter>
254-->[androidx.profileinstaller:profileinstaller:1.4.0] AndroidManifest.xml:49:13-51:29
255                <action android:name="androidx.profileinstaller.action.BENCHMARK_OPERATION" />
255-->[androidx.profileinstaller:profileinstaller:1.4.0] AndroidManifest.xml:50:17-95
255-->[androidx.profileinstaller:profileinstaller:1.4.0] AndroidManifest.xml:50:25-92
256            </intent-filter>
257        </receiver> <!-- The activities will be merged into the manifest of the hosting app. -->
258        <activity
258-->[com.google.android.play:core-common:2.0.3] AndroidManifest.xml:14:9-18:65
259            android:name="com.google.android.play.core.common.PlayCoreDialogWrapperActivity"
259-->[com.google.android.play:core-common:2.0.3] AndroidManifest.xml:15:13-93
260            android:exported="false"
260-->[com.google.android.play:core-common:2.0.3] AndroidManifest.xml:16:13-37
261            android:stateNotNeeded="true"
261-->[com.google.android.play:core-common:2.0.3] AndroidManifest.xml:17:13-42
262            android:theme="@style/Theme.PlayCore.Transparent" />
262-->[com.google.android.play:core-common:2.0.3] AndroidManifest.xml:18:13-62
263    </application>
264
265</manifest>